{"C:\\Users\\adria\\Desktop\\zara-challenge\\src\\components\\Cart\\utils\\calculateTotalPrice.ts": {"path":"C:\\Users\\adria\\Desktop\\zara-challenge\\src\\components\\Cart\\utils\\calculateTotalPrice.ts","statementMap":{"0":{"start":{"line":3,"column":35},"end":{"line":4,"column":78}},"1":{"start":{"line":4,"column":2},"end":{"line":4,"column":78}},"2":{"start":{"line":4,"column":32},"end":{"line":4,"column":74}}},"fnMap":{"0":{"name":"(anonymous_0)","decl":{"start":{"line":3,"column":35},"end":{"line":3,"column":36}},"loc":{"start":{"line":4,"column":2},"end":{"line":4,"column":78}},"line":4},"1":{"name":"(anonymous_1)","decl":{"start":{"line":4,"column":15},"end":{"line":4,"column":16}},"loc":{"start":{"line":4,"column":32},"end":{"line":4,"column":74}},"line":4}},"branchMap":{},"s":{"0":1,"1":7,"2":3},"f":{"0":7,"1":3},"b":{},"_coverageSchema":"1a1c01bbd47fc00a2c39e90264f33305004495a9","hash":"18c9885ad7dbfd02594d570951ede9da9462593f"}
,"C:\\Users\\adria\\Desktop\\zara-challenge\\src\\components\\Cart\\utils\\findCartItemIndex.ts": {"path":"C:\\Users\\adria\\Desktop\\zara-challenge\\src\\components\\Cart\\utils\\findCartItemIndex.ts","statementMap":{"0":{"start":{"line":3,"column":33},"end":{"line":14,"column":3}},"1":{"start":{"line":9,"column":2},"end":{"line":14,"column":3}},"2":{"start":{"line":11,"column":6},"end":{"line":13,"column":47}}},"fnMap":{"0":{"name":"(anonymous_0)","decl":{"start":{"line":3,"column":33},"end":{"line":3,"column":34}},"loc":{"start":{"line":9,"column":2},"end":{"line":14,"column":3}},"line":9},"1":{"name":"(anonymous_1)","decl":{"start":{"line":10,"column":4},"end":{"line":10,"column":5}},"loc":{"start":{"line":11,"column":6},"end":{"line":13,"column":47}},"line":11}},"branchMap":{"0":{"loc":{"start":{"line":11,"column":6},"end":{"line":13,"column":47}},"type":"binary-expr","locations":[{"start":{"line":11,"column":6},"end":{"line":11,"column":35}},{"start":{"line":12,"column":6},"end":{"line":12,"column":37}},{"start":{"line":13,"column":6},"end":{"line":13,"column":47}}],"line":11}},"s":{"0":1,"1":3,"2":2},"f":{"0":3,"1":2},"b":{"0":[2,2,2]},"_coverageSchema":"1a1c01bbd47fc00a2c39e90264f33305004495a9","hash":"0bdd20ad3c6667aa573c2717f31a15ebf0394b28"}
,"C:\\Users\\adria\\Desktop\\zara-challenge\\src\\components\\Search\\index.tsx": {"path":"C:\\Users\\adria\\Desktop\\zara-challenge\\src\\components\\Search\\index.tsx","statementMap":{"0":{"start":{"line":14,"column":22},"end":{"line":64,"column":1}},"1":{"start":{"line":20,"column":38},"end":{"line":20,"column":53}},"2":{"start":{"line":21,"column":25},"end":{"line":21,"column":74}},"3":{"start":{"line":23,"column":2},"end":{"line":25,"column":33}},"4":{"start":{"line":24,"column":4},"end":{"line":24,"column":29}},"5":{"start":{"line":27,"column":2},"end":{"line":29,"column":14}},"6":{"start":{"line":28,"column":4},"end":{"line":28,"column":25}},"7":{"start":{"line":31,"column":22},"end":{"line":34,"column":3}},"8":{"start":{"line":32,"column":4},"end":{"line":32,"column":22}},"9":{"start":{"line":33,"column":4},"end":{"line":33,"column":17}},"10":{"start":{"line":36,"column":2},"end":{"line":63,"column":4}},"11":{"start":{"line":38,"column":23},"end":{"line":38,"column":41}},"12":{"start":{"line":50,"column":25},"end":{"line":50,"column":54}}},"fnMap":{"0":{"name":"(anonymous_0)","decl":{"start":{"line":14,"column":22},"end":{"line":14,"column":23}},"loc":{"start":{"line":19,"column":13},"end":{"line":64,"column":1}},"line":19},"1":{"name":"(anonymous_1)","decl":{"start":{"line":23,"column":12},"end":{"line":23,"column":13}},"loc":{"start":{"line":23,"column":18},"end":{"line":25,"column":3}},"line":23},"2":{"name":"(anonymous_2)","decl":{"start":{"line":27,"column":12},"end":{"line":27,"column":13}},"loc":{"start":{"line":27,"column":18},"end":{"line":29,"column":3}},"line":27},"3":{"name":"(anonymous_3)","decl":{"start":{"line":31,"column":22},"end":{"line":31,"column":23}},"loc":{"start":{"line":31,"column":28},"end":{"line":34,"column":3}},"line":31},"4":{"name":"(anonymous_4)","decl":{"start":{"line":38,"column":16},"end":{"line":38,"column":17}},"loc":{"start":{"line":38,"column":23},"end":{"line":38,"column":41}},"line":38},"5":{"name":"(anonymous_5)","decl":{"start":{"line":50,"column":18},"end":{"line":50,"column":19}},"loc":{"start":{"line":50,"column":25},"end":{"line":50,"column":54}},"line":50}},"branchMap":{"0":{"loc":{"start":{"line":17,"column":2},"end":{"line":17,"column":20}},"type":"default-arg","locations":[{"start":{"line":17,"column":17},"end":{"line":17,"column":20}}],"line":17},"1":{"loc":{"start":{"line":18,"column":2},"end":{"line":18,"column":44}},"type":"default-arg","locations":[{"start":{"line":18,"column":16},"end":{"line":18,"column":44}}],"line":18},"2":{"loc":{"start":{"line":52,"column":7},"end":{"line":61,"column":7}},"type":"binary-expr","locations":[{"start":{"line":52,"column":7},"end":{"line":52,"column":17}},{"start":{"line":53,"column":8},"end":{"line":60,"column":17}}],"line":52}},"s":{"0":1,"1":31,"2":31,"3":31,"4":12,"5":31,"6":10,"7":31,"8":1,"9":1,"10":31,"11":1,"12":16},"f":{"0":31,"1":12,"2":10,"3":1,"4":1,"5":16},"b":{"0":[31],"1":[31],"2":[31,25]},"_coverageSchema":"1a1c01bbd47fc00a2c39e90264f33305004495a9","hash":"f1a32384c69f728919aa6b84ac7bdf7c26a44b54"}
,"C:\\Users\\adria\\Desktop\\zara-challenge\\src\\context\\CartContext.tsx": {"path":"C:\\Users\\adria\\Desktop\\zara-challenge\\src\\context\\CartContext.tsx","statementMap":{"0":{"start":{"line":30,"column":27},"end":{"line":32,"column":1}}},"fnMap":{},"branchMap":{},"s":{"0":1},"f":{},"b":{},"_coverageSchema":"1a1c01bbd47fc00a2c39e90264f33305004495a9","hash":"17d139e35d154f6202b252e771f62242adfd8b81"}
,"C:\\Users\\adria\\Desktop\\zara-challenge\\src\\hooks\\useDebounce.tsx": {"path":"C:\\Users\\adria\\Desktop\\zara-challenge\\src\\hooks\\useDebounce.tsx","statementMap":{"0":{"start":{"line":3,"column":27},"end":{"line":12,"column":1}},"1":{"start":{"line":4,"column":46},"end":{"line":4,"column":61}},"2":{"start":{"line":6,"column":2},"end":{"line":9,"column":21}},"3":{"start":{"line":7,"column":20},"end":{"line":7,"column":69}},"4":{"start":{"line":7,"column":37},"end":{"line":7,"column":61}},"5":{"start":{"line":8,"column":4},"end":{"line":8,"column":39}},"6":{"start":{"line":8,"column":17},"end":{"line":8,"column":38}},"7":{"start":{"line":11,"column":2},"end":{"line":11,"column":24}}},"fnMap":{"0":{"name":"(anonymous_0)","decl":{"start":{"line":3,"column":27},"end":{"line":3,"column":28}},"loc":{"start":{"line":3,"column":63},"end":{"line":12,"column":1}},"line":3},"1":{"name":"(anonymous_1)","decl":{"start":{"line":6,"column":12},"end":{"line":6,"column":13}},"loc":{"start":{"line":6,"column":18},"end":{"line":9,"column":3}},"line":6},"2":{"name":"(anonymous_2)","decl":{"start":{"line":7,"column":31},"end":{"line":7,"column":32}},"loc":{"start":{"line":7,"column":37},"end":{"line":7,"column":61}},"line":7},"3":{"name":"(anonymous_3)","decl":{"start":{"line":8,"column":11},"end":{"line":8,"column":12}},"loc":{"start":{"line":8,"column":17},"end":{"line":8,"column":38}},"line":8}},"branchMap":{},"s":{"0":1,"1":31,"2":31,"3":21,"4":2,"5":21,"6":21,"7":31},"f":{"0":31,"1":21,"2":2,"3":21},"b":{},"_coverageSchema":"1a1c01bbd47fc00a2c39e90264f33305004495a9","hash":"0585d56890c5cd63205d592065c96d03a860bc84"}
,"C:\\Users\\adria\\Desktop\\zara-challenge\\src\\hooks\\useLocalStorage.tsx": {"path":"C:\\Users\\adria\\Desktop\\zara-challenge\\src\\hooks\\useLocalStorage.tsx","statementMap":{"0":{"start":{"line":4,"column":40},"end":{"line":4,"column":65}},"1":{"start":{"line":5,"column":29},"end":{"line":5,"column":57}},"2":{"start":{"line":7,"column":2},"end":{"line":14,"column":32}},"3":{"start":{"line":8,"column":4},"end":{"line":13,"column":5}},"4":{"start":{"line":9,"column":19},"end":{"line":9,"column":51}},"5":{"start":{"line":10,"column":6},"end":{"line":10,"column":67}},"6":{"start":{"line":12,"column":6},"end":{"line":12,"column":41}},"7":{"start":{"line":16,"column":19},"end":{"line":24,"column":3}},"8":{"start":{"line":17,"column":4},"end":{"line":23,"column":14}},"9":{"start":{"line":18,"column":6},"end":{"line":22,"column":9}},"10":{"start":{"line":19,"column":29},"end":{"line":19,"column":76}},"11":{"start":{"line":20,"column":8},"end":{"line":20,"column":71}},"12":{"start":{"line":21,"column":8},"end":{"line":21,"column":28}},"13":{"start":{"line":26,"column":2},"end":{"line":26,"column":42}}},"fnMap":{"0":{"name":"useLocalStorage","decl":{"start":{"line":3,"column":16},"end":{"line":3,"column":31}},"loc":{"start":{"line":3,"column":65},"end":{"line":27,"column":1}},"line":3},"1":{"name":"(anonymous_1)","decl":{"start":{"line":7,"column":12},"end":{"line":7,"column":13}},"loc":{"start":{"line":7,"column":18},"end":{"line":14,"column":3}},"line":7},"2":{"name":"(anonymous_2)","decl":{"start":{"line":16,"column":19},"end":{"line":16,"column":20}},"loc":{"start":{"line":16,"column":51},"end":{"line":24,"column":3}},"line":16},"3":{"name":"(anonymous_3)","decl":{"start":{"line":18,"column":21},"end":{"line":18,"column":22}},"loc":{"start":{"line":18,"column":31},"end":{"line":22,"column":7}},"line":18}},"branchMap":{"0":{"loc":{"start":{"line":10,"column":21},"end":{"line":10,"column":65}},"type":"cond-expr","locations":[{"start":{"line":10,"column":28},"end":{"line":10,"column":44}},{"start":{"line":10,"column":47},"end":{"line":10,"column":65}}],"line":10},"1":{"loc":{"start":{"line":19,"column":29},"end":{"line":19,"column":76}},"type":"cond-expr","locations":[{"start":{"line":19,"column":57},"end":{"line":19,"column":68}},{"start":{"line":19,"column":71},"end":{"line":19,"column":76}}],"line":19}},"s":{"0":19,"1":19,"2":19,"3":9,"4":9,"5":9,"6":0,"7":19,"8":7,"9":7,"10":7,"11":7,"12":7,"13":19},"f":{"0":19,"1":9,"2":7,"3":7},"b":{"0":[3,6],"1":[5,2]},"_coverageSchema":"1a1c01bbd47fc00a2c39e90264f33305004495a9","hash":"3a162484f681df0a6a3bd778314d56c12ce2dacd"}
,"C:\\Users\\adria\\Desktop\\zara-challenge\\src\\providers\\CartProvider.tsx": {"path":"C:\\Users\\adria\\Desktop\\zara-challenge\\src\\providers\\CartProvider.tsx","statementMap":{"0":{"start":{"line":21,"column":28},"end":{"line":92,"column":1}},"1":{"start":{"line":22,"column":28},"end":{"line":22,"column":67}},"2":{"start":{"line":23,"column":30},"end":{"line":23,"column":45}},"3":{"start":{"line":24,"column":32},"end":{"line":24,"column":46}},"4":{"start":{"line":26,"column":2},"end":{"line":28,"column":9}},"5":{"start":{"line":27,"column":4},"end":{"line":27,"column":22}},"6":{"start":{"line":30,"column":20},"end":{"line":57,"column":3}},"7":{"start":{"line":35,"column":4},"end":{"line":56,"column":5}},"8":{"start":{"line":36,"column":6},"end":{"line":36,"column":31}},"9":{"start":{"line":37,"column":6},"end":{"line":37,"column":27}},"10":{"start":{"line":38,"column":6},"end":{"line":38,"column":31}},"11":{"start":{"line":40,"column":6},"end":{"line":53,"column":9}},"12":{"start":{"line":41,"column":22},"end":{"line":46,"column":9}},"13":{"start":{"line":47,"column":8},"end":{"line":51,"column":9}},"14":{"start":{"line":48,"column":26},"end":{"line":48,"column":35}},"15":{"start":{"line":49,"column":10},"end":{"line":49,"column":39}},"16":{"start":{"line":50,"column":10},"end":{"line":50,"column":25}},"17":{"start":{"line":52,"column":8},"end":{"line":52,"column":67}},"18":{"start":{"line":55,"column":6},"end":{"line":55,"column":52}},"19":{"start":{"line":59,"column":25},"end":{"line":73,"column":5}},"20":{"start":{"line":64,"column":4},"end":{"line":73,"column":5}},"21":{"start":{"line":65,"column":6},"end":{"line":72,"column":7}},"22":{"start":{"line":67,"column":10},"end":{"line":71,"column":11}},"23":{"start":{"line":75,"column":21},"end":{"line":75,"column":47}},"24":{"start":{"line":77,"column":2},"end":{"line":91,"column":4}}},"fnMap":{"0":{"name":"(anonymous_0)","decl":{"start":{"line":21,"column":28},"end":{"line":21,"column":29}},"loc":{"start":{"line":21,"column":71},"end":{"line":92,"column":1}},"line":21},"1":{"name":"(anonymous_1)","decl":{"start":{"line":26,"column":12},"end":{"line":26,"column":13}},"loc":{"start":{"line":26,"column":18},"end":{"line":28,"column":3}},"line":26},"2":{"name":"(anonymous_2)","decl":{"start":{"line":30,"column":20},"end":{"line":30,"column":21}},"loc":{"start":{"line":34,"column":7},"end":{"line":57,"column":3}},"line":34},"3":{"name":"(anonymous_3)","decl":{"start":{"line":40,"column":15},"end":{"line":40,"column":16}},"loc":{"start":{"line":40,"column":25},"end":{"line":53,"column":7}},"line":40},"4":{"name":"(anonymous_4)","decl":{"start":{"line":59,"column":25},"end":{"line":59,"column":26}},"loc":{"start":{"line":64,"column":4},"end":{"line":73,"column":5}},"line":64},"5":{"name":"(anonymous_5)","decl":{"start":{"line":64,"column":13},"end":{"line":64,"column":14}},"loc":{"start":{"line":65,"column":6},"end":{"line":72,"column":7}},"line":65},"6":{"name":"(anonymous_6)","decl":{"start":{"line":66,"column":8},"end":{"line":66,"column":9}},"loc":{"start":{"line":67,"column":10},"end":{"line":71,"column":11}},"line":67}},"branchMap":{"0":{"loc":{"start":{"line":47,"column":8},"end":{"line":51,"column":9}},"type":"if","locations":[{"start":{"line":47,"column":8},"end":{"line":51,"column":9}},{"start":{},"end":{}}],"line":47},"1":{"loc":{"start":{"line":68,"column":12},"end":{"line":70,"column":53}},"type":"binary-expr","locations":[{"start":{"line":68,"column":12},"end":{"line":68,"column":41}},{"start":{"line":69,"column":12},"end":{"line":69,"column":43}},{"start":{"line":70,"column":12},"end":{"line":70,"column":53}}],"line":68}},"s":{"0":1,"1":7,"2":7,"3":7,"4":7,"5":2,"6":7,"7":3,"8":3,"9":3,"10":3,"11":3,"12":3,"13":3,"14":2,"15":2,"16":2,"17":1,"18":0,"19":7,"20":1,"21":1,"22":1,"23":7,"24":7},"f":{"0":7,"1":2,"2":3,"3":3,"4":1,"5":1,"6":1},"b":{"0":[2,1],"1":[1,1,1]},"_coverageSchema":"1a1c01bbd47fc00a2c39e90264f33305004495a9","hash":"3a5f493f7f6295cbfd94b5f1948bffdc6eeaaed3"}
,"C:\\Users\\adria\\Desktop\\zara-challenge\\src\\schemas\\Cart\\index.ts": {"path":"C:\\Users\\adria\\Desktop\\zara-challenge\\src\\schemas\\Cart\\index.ts","statementMap":{"0":{"start":{"line":12,"column":30},"end":{"line":17,"column":2}},"1":{"start":{"line":21,"column":31},"end":{"line":22,"column":38}},"2":{"start":{"line":22,"column":2},"end":{"line":22,"column":38}},"3":{"start":{"line":23,"column":29},"end":{"line":24,"column":33}},"4":{"start":{"line":24,"column":2},"end":{"line":24,"column":33}},"5":{"start":{"line":25,"column":31},"end":{"line":26,"column":37}},"6":{"start":{"line":26,"column":2},"end":{"line":26,"column":37}}},"fnMap":{"0":{"name":"(anonymous_0)","decl":{"start":{"line":21,"column":31},"end":{"line":21,"column":32}},"loc":{"start":{"line":22,"column":2},"end":{"line":22,"column":38}},"line":22},"1":{"name":"(anonymous_1)","decl":{"start":{"line":23,"column":29},"end":{"line":23,"column":30}},"loc":{"start":{"line":24,"column":2},"end":{"line":24,"column":33}},"line":24},"2":{"name":"(anonymous_2)","decl":{"start":{"line":25,"column":31},"end":{"line":25,"column":32}},"loc":{"start":{"line":26,"column":2},"end":{"line":26,"column":37}},"line":26}},"branchMap":{},"s":{"0":1,"1":1,"2":3,"3":1,"4":3,"5":1,"6":3},"f":{"0":3,"1":3,"2":3},"b":{},"_coverageSchema":"1a1c01bbd47fc00a2c39e90264f33305004495a9","hash":"c268a01f1a7b1af87a5caf76e523efd430dff49f"}
,"C:\\Users\\adria\\Desktop\\zara-challenge\\src\\schemas\\Product\\ProductSchema.ts": {"path":"C:\\Users\\adria\\Desktop\\zara-challenge\\src\\schemas\\Product\\ProductSchema.ts","statementMap":{"0":{"start":{"line":3,"column":37},"end":{"line":9,"column":2}},"1":{"start":{"line":11,"column":34},"end":{"line":15,"column":2}},"2":{"start":{"line":17,"column":36},"end":{"line":20,"column":2}},"3":{"start":{"line":22,"column":34},"end":{"line":31,"column":2}},"4":{"start":{"line":33,"column":35},"end":{"line":44,"column":2}}},"fnMap":{},"branchMap":{},"s":{"0":1,"1":1,"2":1,"3":1,"4":1},"f":{},"b":{},"_coverageSchema":"1a1c01bbd47fc00a2c39e90264f33305004495a9","hash":"8e7cd90da52aa86eef3bf9b2a6ae9d9396523b97"}
,"C:\\Users\\adria\\Desktop\\zara-challenge\\src\\tests\\mocks\\cart.ts": {"path":"C:\\Users\\adria\\Desktop\\zara-challenge\\src\\tests\\mocks\\cart.ts","statementMap":{"0":{"start":{"line":3,"column":36},"end":{"line":40,"column":1}}},"fnMap":{},"branchMap":{},"s":{"0":1},"f":{},"b":{},"_coverageSchema":"1a1c01bbd47fc00a2c39e90264f33305004495a9","hash":"c7291f32603dabceb2c90bcff3088d99a6f77983"}
,"C:\\Users\\adria\\Desktop\\zara-challenge\\src\\tests\\mocks\\product.ts": {"path":"C:\\Users\\adria\\Desktop\\zara-challenge\\src\\tests\\mocks\\product.ts","statementMap":{"0":{"start":{"line":7,"column":40},"end":{"line":13,"column":1}},"1":{"start":{"line":15,"column":35},"end":{"line":20,"column":1}},"2":{"start":{"line":22,"column":39},"end":{"line":22,"column":70}}},"fnMap":{},"branchMap":{},"s":{"0":1,"1":1,"2":1},"f":{},"b":{},"_coverageSchema":"1a1c01bbd47fc00a2c39e90264f33305004495a9","hash":"901493018d28fa1bf0cbb6b84b36c1658c953c23"}
}
