TN:
SF:src\components\Cart\utils\calculateTotalPrice.ts
FN:3,(anonymous_0)
FN:4,(anonymous_1)
FNF:2
FNH:2
FNDA:7,(anonymous_0)
FNDA:3,(anonymous_1)
DA:3,1
DA:4,7
LF:2
LH:2
BRF:0
BRH:0
end_of_record
TN:
SF:src\components\Cart\utils\findCartItemIndex.ts
FN:3,(anonymous_0)
FN:10,(anonymous_1)
FNF:2
FNH:2
FNDA:3,(anonymous_0)
FNDA:2,(anonymous_1)
DA:3,1
DA:9,3
DA:11,2
LF:3
LH:3
BRDA:11,0,0,2
BRDA:11,0,1,2
BRDA:11,0,2,2
BRF:3
BRH:3
end_of_record
TN:
SF:src\components\Search\index.tsx
FN:14,(anonymous_0)
FN:23,(anonymous_1)
FN:27,(anonymous_2)
FN:31,(anonymous_3)
FN:38,(anonymous_4)
FN:50,(anonymous_5)
FNF:6
FNH:6
FNDA:31,(anonymous_0)
FNDA:12,(anonymous_1)
FNDA:10,(anonymous_2)
FNDA:1,(anonymous_3)
FNDA:1,(anonymous_4)
FNDA:16,(anonymous_5)
DA:14,1
DA:20,31
DA:21,31
DA:23,31
DA:24,12
DA:27,31
DA:28,10
DA:31,31
DA:32,1
DA:33,1
DA:36,31
DA:38,1
DA:50,16
LF:13
LH:13
BRDA:17,0,0,31
BRDA:18,1,0,31
BRDA:52,2,0,31
BRDA:52,2,1,25
BRF:4
BRH:4
end_of_record
TN:
SF:src\context\CartContext.tsx
FNF:0
FNH:0
DA:30,1
LF:1
LH:1
BRF:0
BRH:0
end_of_record
TN:
SF:src\hooks\useDebounce.tsx
FN:3,(anonymous_0)
FN:6,(anonymous_1)
FN:7,(anonymous_2)
FN:8,(anonymous_3)
FNF:4
FNH:4
FNDA:31,(anonymous_0)
FNDA:21,(anonymous_1)
FNDA:2,(anonymous_2)
FNDA:21,(anonymous_3)
DA:3,1
DA:4,31
DA:6,31
DA:7,21
DA:8,21
DA:11,31
LF:6
LH:6
BRF:0
BRH:0
end_of_record
TN:
SF:src\hooks\useLocalStorage.tsx
FN:3,useLocalStorage
FN:7,(anonymous_1)
FN:16,(anonymous_2)
FN:18,(anonymous_3)
FNF:4
FNH:4
FNDA:19,useLocalStorage
FNDA:9,(anonymous_1)
FNDA:7,(anonymous_2)
FNDA:7,(anonymous_3)
DA:4,19
DA:5,19
DA:7,19
DA:8,9
DA:9,9
DA:10,9
DA:12,0
DA:16,19
DA:17,7
DA:18,7
DA:19,7
DA:20,7
DA:21,7
DA:26,19
LF:14
LH:13
BRDA:10,0,0,3
BRDA:10,0,1,6
BRDA:19,1,0,5
BRDA:19,1,1,2
BRF:4
BRH:4
end_of_record
TN:
SF:src\providers\CartProvider.tsx
FN:21,(anonymous_0)
FN:26,(anonymous_1)
FN:30,(anonymous_2)
FN:40,(anonymous_3)
FN:59,(anonymous_4)
FN:64,(anonymous_5)
FN:66,(anonymous_6)
FNF:7
FNH:7
FNDA:7,(anonymous_0)
FNDA:2,(anonymous_1)
FNDA:3,(anonymous_2)
FNDA:3,(anonymous_3)
FNDA:1,(anonymous_4)
FNDA:1,(anonymous_5)
FNDA:1,(anonymous_6)
DA:21,1
DA:22,7
DA:23,7
DA:24,7
DA:26,7
DA:27,2
DA:30,7
DA:35,3
DA:36,3
DA:37,3
DA:38,3
DA:40,3
DA:41,3
DA:47,3
DA:48,2
DA:49,2
DA:50,2
DA:52,1
DA:55,0
DA:59,7
DA:64,1
DA:65,1
DA:67,1
DA:75,7
DA:77,7
LF:25
LH:24
BRDA:47,0,0,2
BRDA:47,0,1,1
BRDA:68,1,0,1
BRDA:68,1,1,1
BRDA:68,1,2,1
BRF:5
BRH:5
end_of_record
TN:
SF:src\schemas\Cart\index.ts
FN:21,(anonymous_0)
FN:23,(anonymous_1)
FN:25,(anonymous_2)
FNF:3
FNH:3
FNDA:3,(anonymous_0)
FNDA:3,(anonymous_1)
FNDA:3,(anonymous_2)
DA:12,1
DA:21,1
DA:22,3
DA:23,1
DA:24,3
DA:25,1
DA:26,3
LF:7
LH:7
BRF:0
BRH:0
end_of_record
TN:
SF:src\schemas\Product\ProductSchema.ts
FNF:0
FNH:0
DA:3,1
DA:11,1
DA:17,1
DA:22,1
DA:33,1
LF:5
LH:5
BRF:0
BRH:0
end_of_record
TN:
SF:src\tests\mocks\cart.ts
FNF:0
FNH:0
DA:3,1
LF:1
LH:1
BRF:0
BRH:0
end_of_record
TN:
SF:src\tests\mocks\product.ts
FNF:0
FNH:0
DA:7,1
DA:15,1
DA:22,1
LF:3
LH:3
BRF:0
BRH:0
end_of_record
